2026-04-12T21:35:35.647+05:30  INFO 4756 --- [main] com.example.bmt.BmtApplication           : Starting BmtApplication using Java 24 with PID 4756 (C:\Users\SAGAYAMANI\Documents\projects\BMT\target\classes started by SAGAYAMANI in C:\Users\SAGAYAMANI\Documents\projects\BMT)
2026-04-12T21:35:35.662+05:30  INFO 4756 --- [main] com.example.bmt.BmtApplication           : No active profile set, falling back to 1 default profile: "default"
2026-04-12T21:35:36.599+05:30  INFO 4756 --- [main] .s.d.r.c.RepositoryConfigurationDelegate : Bootstrapping Spring Data JPA repositories in DEFAULT mode.
2026-04-12T21:35:36.694+05:30  INFO 4756 --- [main] .s.d.r.c.RepositoryConfigurationDelegate : Finished Spring Data repository scanning in 82 ms. Found 11 JPA repository interfaces.
2026-04-12T21:35:37.426+05:30  INFO 4756 --- [main] o.s.b.w.embedded.tomcat.TomcatWebServer  : Tomcat initialized with port 8080 (http)
2026-04-12T21:35:37.445+05:30  INFO 4756 --- [main] o.apache.catalina.core.StandardService   : Starting service [Tomcat]
2026-04-12T21:35:37.446+05:30  INFO 4756 --- [main] o.apache.catalina.core.StandardEngine    : Starting Servlet engine: [Apache Tomcat/10.1.28]
2026-04-12T21:35:37.542+05:30  INFO 4756 --- [main] o.a.c.c.C.[Tomcat].[localhost].[/]       : Initializing Spring embedded WebApplicationContext
2026-04-12T21:35:37.543+05:30  INFO 4756 --- [main] w.s.c.ServletWebServerApplicationContext : Root WebApplicationContext: initialization completed in 1795 ms
2026-04-12T21:35:37.710+05:30  INFO 4756 --- [main] o.hibernate.jpa.internal.util.LogHelper  : HHH000204: Processing PersistenceUnitInfo [name: default]
2026-04-12T21:35:37.804+05:30  INFO 4756 --- [main] org.hibernate.Version                    : HHH000412: Hibernate ORM core version 6.5.2.Final
2026-04-12T21:35:37.860+05:30  INFO 4756 --- [main] o.h.c.internal.RegionFactoryInitiator    : HHH000026: Second-level cache disabled
2026-04-12T21:35:38.253+05:30  INFO 4756 --- [main] o.s.o.j.p.SpringPersistenceUnitInfo      : No LoadTimeWeaver setup: ignoring JPA class transformer
2026-04-12T21:35:38.289+05:30  INFO 4756 --- [main] com.zaxxer.hikari.HikariDataSource       : HikariPool-1 - Starting...
2026-04-12T21:35:38.505+05:30  INFO 4756 --- [main] com.zaxxer.hikari.pool.HikariPool        : HikariPool-1 - Added connection org.postgresql.jdbc.PgConnection@59e082f8
2026-04-12T21:35:38.507+05:30  INFO 4756 --- [main] com.zaxxer.hikari.HikariDataSource       : HikariPool-1 - Start completed.
2026-04-12T21:35:39.982+05:30  INFO 4756 --- [main] o.h.e.t.j.p.i.JtaPlatformInitiator       : HHH000489: No JTA platform available (set 'hibernate.transaction.jta.platform' to enable JTA platform integration)
2026-04-12T21:35:40.279+05:30  INFO 4756 --- [main] j.LocalContainerEntityManagerFactoryBean : Initialized JPA EntityManagerFactory for persistence unit 'default'
2026-04-12T21:35:40.673+05:30  INFO 4756 --- [main] o.s.d.j.r.query.QueryEnhancerFactory     : Hibernate is in classpath; If applicable, HQL parser will be used.
2026-04-12T21:35:41.473+05:30  INFO 4756 --- [main] eAuthenticationProviderManagerConfigurer : Global AuthenticationManager configured with AuthenticationProvider bean with name authProvider
2026-04-12T21:35:41.474+05:30  WARN 4756 --- [main] r$InitializeUserDetailsManagerConfigurer : Global AuthenticationManager configured with an AuthenticationProvider bean. UserDetailsService beans will not be used for username/password login. Consider removing the AuthenticationProvider bean. Alternatively, consider using the UserDetailsService in a manually instantiated DaoAuthenticationProvider.
2026-04-12T21:35:42.011+05:30  WARN 4756 --- [main] o.s.s.c.a.web.builders.WebSecurity       : You are asking Spring Security to ignore Deferred [Mvc [pattern='/css/**'], Ant [pattern='/css/**']]. This is not recommended -- please use permitAll via HttpSecurity#authorizeHttpRequests instead.
2026-04-12T21:35:42.012+05:30  WARN 4756 --- [main] o.s.s.c.a.web.builders.WebSecurity       : You are asking Spring Security to ignore Deferred [Mvc [pattern='/js/**'], Ant [pattern='/js/**']]. This is not recommended -- please use permitAll via HttpSecurity#authorizeHttpRequests instead.
2026-04-12T21:35:42.012+05:30  WARN 4756 --- [main] o.s.s.c.a.web.builders.WebSecurity       : You are asking Spring Security to ignore Deferred [Mvc [pattern='/images/**'], Ant [pattern='/images/**']]. This is not recommended -- please use permitAll via HttpSecurity#authorizeHttpRequests instead.
2026-04-12T21:35:42.013+05:30  WARN 4756 --- [main] o.s.s.c.a.web.builders.WebSecurity       : You are asking Spring Security to ignore Deferred [Mvc [pattern='/webjars/**'], Ant [pattern='/webjars/**']]. This is not recommended -- please use permitAll via HttpSecurity#authorizeHttpRequests instead.
2026-04-12T21:35:42.014+05:30  WARN 4756 --- [main] o.s.s.c.a.web.builders.WebSecurity       : You are asking Spring Security to ignore Deferred [Mvc [pattern='/favicon.ico'], Ant [pattern='/favicon.ico']]. This is not recommended -- please use permitAll via HttpSecurity#authorizeHttpRequests instead.
2026-04-12T21:35:42.087+05:30  INFO 4756 --- [main] o.s.b.w.embedded.tomcat.TomcatWebServer  : Tomcat started on port 8080 (http) with context path '/'
2026-04-12T21:35:42.095+05:30  INFO 4756 --- [main] com.example.bmt.BmtApplication           : Started BmtApplication in 7.022 seconds (process running for 7.456)
2026-04-12T21:36:02.740+05:30  INFO 4756 --- [http-nio-8080-exec-1] o.a.c.c.C.[Tomcat].[localhost].[/]       : Initializing Spring DispatcherServlet 'dispatcherServlet'
2026-04-12T21:36:02.740+05:30  INFO 4756 --- [http-nio-8080-exec-1] o.s.web.servlet.DispatcherServlet        : Initializing Servlet 'dispatcherServlet'
2026-04-12T21:36:02.740+05:30  INFO 4756 --- [http-nio-8080-exec-1] o.s.web.servlet.DispatcherServlet        : Completed initialization in 0 ms
2026-04-12T21:36:17.967+05:30  WARN 4756 --- [http-nio-8080-exec-3] actStandardFragmentInsertionTagProcessor : [THYMELEAF][http-nio-8080-exec-3][about] Deprecated unwrapped fragment expression "fragments/header :: header" found in template about, line 17, col 6. Please use the complete syntax of fragment expressions instead ("~{fragments/header :: header}"). The old, unwrapped syntax for fragment expressions will be removed in future versions of Thymeleaf.
2026-04-12T21:36:17.967+05:30  WARN 4756 --- [http-nio-8080-exec-3] actStandardFragmentInsertionTagProcessor : [THYMELEAF][http-nio-8080-exec-3][about] Deprecated unwrapped fragment expression "fragments/footer :: footer" found in template about, line 72, col 6. Please use the complete syntax of fragment expressions instead ("~{fragments/footer :: footer}"). The old, unwrapped syntax for fragment expressions will be removed in future versions of Thymeleaf.
2026-04-12T21:36:25.133+05:30  WARN 4756 --- [http-nio-8080-exec-2] actStandardFragmentInsertionTagProcessor : [THYMELEAF][http-nio-8080-exec-2][about] Deprecated unwrapped fragment expression "fragments/header :: header" found in template about, line 17, col 6. Please use the complete syntax of fragment expressions instead ("~{fragments/header :: header}"). The old, unwrapped syntax for fragment expressions will be removed in future versions of Thymeleaf.
2026-04-12T21:36:25.141+05:30  WARN 4756 --- [http-nio-8080-exec-2] actStandardFragmentInsertionTagProcessor : [THYMELEAF][http-nio-8080-exec-2][about] Deprecated unwrapped fragment expression "fragments/footer :: footer" found in template about, line 72, col 6. Please use the complete syntax of fragment expressions instead ("~{fragments/footer :: footer}"). The old, unwrapped syntax for fragment expressions will be removed in future versions of Thymeleaf.
